<?xml version="1.0" encoding="UTF-8"?>
<!-- Generated by org.testng.reporters.JUnitReportReporter -->
<testsuite hostname="ITT-MASINENI" failures="0" tests="2" name="TestGroup.Tests.NegativeTests" time="24.014" errors="0" timestamp="2024-10-15T04:23:59 IST" skipped="0">
  <testcase classname="TestGroup.Tests.NegativeTests" name="registerUserwithExistingCreds" time="12.012"/>
  <testcase classname="TestGroup.Tests.NegativeTests" name="loginWithIncorrectUserNameAndPassWord" time="12.002"/>
</testsuite> <!-- TestGroup.Tests.NegativeTests -->
