<?xml version="1.0" encoding="UTF-8"?>
<!-- Generated by org.testng.reporters.JUnitReportReporter -->
<testsuite hostname="ITT-MASINENI" failures="0" tests="2" name="TestGroup.Tests.LoginWithCorrectCreds" time="49.523" errors="0" timestamp="2024-10-05T03:47:22 IST" skipped="0">
  <testcase classname="TestGroup.Tests.LoginWithCorrectCreds" name="logOutUser" time="24.663"/>
  <testcase classname="TestGroup.Tests.LoginWithCorrectCreds" name="verifyLoginWithCorrectCreds" time="24.860"/>
</testsuite> <!-- TestGroup.Tests.LoginWithCorrectCreds -->
