<?xml version="1.0" encoding="UTF-8"?>
<!-- Generated by org.testng.reporters.JUnitReportReporter -->
<testsuite hostname="ITT-MASINENI" failures="0" tests="1" name="TestGroup.Tests.RegisterAndDeleteUser" time="37.419" errors="0" timestamp="2024-10-05T03:47:22 IST" skipped="0">
  <testcase classname="TestGroup.Tests.RegisterAndDeleteUser" name="RegisterAndDeleteUserTest" time="37.419"/>
</testsuite> <!-- TestGroup.Tests.RegisterAndDeleteUser -->
