<?xml version="1.0" encoding="UTF-8"?>
<!-- Generated by org.testng.reporters.JUnitReportReporter -->
<testsuite hostname="ITT-MASINENI" failures="0" tests="1" name="TestGroup.Tests.LoginWithIncorrectCreds" time="14.848" errors="0" timestamp="2024-10-05T03:47:22 IST" skipped="0">
  <testcase classname="TestGroup.Tests.LoginWithIncorrectCreds" name="loginWithIncorrectUserNameAndPassWord" time="14.848"/>
</testsuite> <!-- TestGroup.Tests.LoginWithIncorrectCreds -->
